cl : ligne de commande warning D9002: option '-std=c++11' inconnue ignorée
  main.cpp
C:\Program Files\Microsoft Visual Studio\2022\Community\VC\Tools\MSVC\14.30.30705\include\limits.h(70,5): warning C4668: '__STDC_WANT_SECURE_LIB__' non défini(e) comme préprocesseur ou macro, remplacement par '0' pour '#if/#elif'
C:\Users\lhost\OneDrive\Bureau\2122_4imi_cpp_classes_genericite-toux_l-host\exercice_2\src\main.cpp(20,20): warning C4244: '=' : conversion de 'float' en 'TYPE', perte possible de données
          with
          [
              TYPE=int
          ]
C:\Users\lhost\OneDrive\Bureau\2122_4imi_cpp_classes_genericite-toux_l-host\exercice_2\src\main.cpp(21,20): warning C4244: '=' : conversion de 'float' en 'TYPE', perte possible de données
          with
          [
              TYPE=int
          ]
C:\Users\lhost\OneDrive\Bureau\2122_4imi_cpp_classes_genericite-toux_l-host\exercice_2\src\main.cpp(22,20): warning C4244: '=' : conversion de 'float' en 'TYPE', perte possible de données
          with
          [
              TYPE=int
          ]
C:\Users\lhost\OneDrive\Bureau\2122_4imi_cpp_classes_genericite-toux_l-host\exercice_2\src\main.cpp(23,20): warning C4244: '=' : conversion de 'float' en 'TYPE', perte possible de données
          with
          [
              TYPE=int
          ]
C:\Users\lhost\OneDrive\Bureau\2122_4imi_cpp_classes_genericite-toux_l-host\exercice_2\src\main.cpp(39,26): warning C5219: conversion implicite de 'int' en 'float', perte possible de données
C:\Users\lhost\OneDrive\Bureau\2122_4imi_cpp_classes_genericite-toux_l-host\exercice_2\src\bezier.hpp(29,137): warning C4244: 'return' : conversion de 'double' en 'TYPE', perte possible de données
          with
          [
              TYPE=float
          ]
C:\Users\lhost\OneDrive\Bureau\2122_4imi_cpp_classes_genericite-toux_l-host\exercice_2\src\bezier.hpp(28): message : pendant la compilation de la fonction membre classe modèle 'TYPE bezier<TYPE>::operator ()(TYPE) const'
          with
          [
              TYPE=float
          ]
C:\Users\lhost\OneDrive\Bureau\2122_4imi_cpp_classes_genericite-toux_l-host\exercice_2\src\main.cpp(42): message : voir la référence à l'instanciation de la fonction modèle 'TYPE bezier<TYPE>::operator ()(TYPE) const' en cours de compilation
          with
          [
              TYPE=float
          ]
C:\Users\lhost\OneDrive\Bureau\2122_4imi_cpp_classes_genericite-toux_l-host\exercice_2\src\main.cpp(11): message : voir la référence à l'instanciation classe modèle 'bezier<float>' en cours de compilation
C:\Program Files\Microsoft Visual Studio\2022\Community\VC\Tools\MSVC\14.30.30705\include\ostream(392,1): warning C4530: Gestionnaire d'exceptions C++ utilisé, mais les sémantiques de déroulement n'ont pas été activées. Spécifiez /EHsc
C:\Program Files\Microsoft Visual Studio\2022\Community\VC\Tools\MSVC\14.30.30705\include\ostream(385): message : pendant la compilation de la fonction membre classe modèle 'std::basic_ostream<char,std::char_traits<char>> &std::basic_ostream<char,std::char_traits<char>>::operator <<(float)'
C:\Users\lhost\OneDrive\Bureau\2122_4imi_cpp_classes_genericite-toux_l-host\exercice_2\src\main.cpp(16): message : voir la référence à l'instanciation de la fonction modèle 'std::basic_ostream<char,std::char_traits<char>> &std::basic_ostream<char,std::char_traits<char>>::operator <<(float)' en cours de compilation
C:\Program Files\Microsoft Visual Studio\2022\Community\VC\Tools\MSVC\14.30.30705\include\ostream(640): message : voir la référence à l'instanciation classe modèle 'std::basic_ostream<char,std::char_traits<char>>' en cours de compilation
C:\Users\lhost\OneDrive\Bureau\2122_4imi_cpp_classes_genericite-toux_l-host\exercice_2\src\export_matlab.hpp(41,30): warning C5219: conversion implicite de 'int' en 'float', perte possible de données
C:\Users\lhost\OneDrive\Bureau\2122_4imi_cpp_classes_genericite-toux_l-host\exercice_2\src\main.cpp(51): message : voir la référence à l'instanciation de la fonction modèle 'void export_matlab<float>(const std::string &,const bezier<float> &,int)' en cours de compilation
C:\Users\lhost\OneDrive\Bureau\2122_4imi_cpp_classes_genericite-toux_l-host\exercice_2\src\export_matlab.hpp(41,25): warning C5219: conversion implicite de 'int' en 'float', perte possible de données
C:\Program Files\Microsoft Visual Studio\2022\Community\VC\Tools\MSVC\14.30.30705\include\type_traits(2048,26): warning C4577: 'noexcept' utilisé sans mode de gestion d'exceptions spécifié. L'arrêt en cas d'exception n'est pas garanti. Spécifiez /EHsc
C:\Program Files\Microsoft Visual Studio\2022\Community\VC\Tools\MSVC\14.30.30705\include\exception(212,5): warning C4577: 'noexcept' utilisé sans mode de gestion d'exceptions spécifié. L'arrêt en cas d'exception n'est pas garanti. Spécifiez /EHsc
C:\Program Files\Microsoft Visual Studio\2022\Community\VC\Tools\MSVC\14.30.30705\include\exception(220,6): warning C4577: 'noexcept' utilisé sans mode de gestion d'exceptions spécifié. L'arrêt en cas d'exception n'est pas garanti. Spécifiez /EHsc
C:\Program Files\Microsoft Visual Studio\2022\Community\VC\Tools\MSVC\14.30.30705\include\exception(224,5): warning C4577: 'noexcept' utilisé sans mode de gestion d'exceptions spécifié. L'arrêt en cas d'exception n'est pas garanti. Spécifiez /EHsc
C:\Program Files\Microsoft Visual Studio\2022\Community\VC\Tools\MSVC\14.30.30705\include\exception(239,14): warning C4577: 'noexcept' utilisé sans mode de gestion d'exceptions spécifié. L'arrêt en cas d'exception n'est pas garanti. Spécifiez /EHsc
C:\Program Files\Microsoft Visual Studio\2022\Community\VC\Tools\MSVC\14.30.30705\include\exception(243,26): warning C4577: 'noexcept' utilisé sans mode de gestion d'exceptions spécifié. L'arrêt en cas d'exception n'est pas garanti. Spécifiez /EHsc
C:\Program Files\Microsoft Visual Studio\2022\Community\VC\Tools\MSVC\14.30.30705\include\exception(263,28): warning C4577: 'noexcept' utilisé sans mode de gestion d'exceptions spécifié. L'arrêt en cas d'exception n'est pas garanti. Spécifiez /EHsc
C:\Program Files\Microsoft Visual Studio\2022\Community\VC\Tools\MSVC\14.30.30705\include\exception(267,28): warning C4577: 'noexcept' utilisé sans mode de gestion d'exceptions spécifié. L'arrêt en cas d'exception n'est pas garanti. Spécifiez /EHsc
C:\Program Files\Microsoft Visual Studio\2022\Community\VC\Tools\MSVC\14.30.30705\include\exception(271,28): warning C4577: 'noexcept' utilisé sans mode de gestion d'exceptions spécifié. L'arrêt en cas d'exception n'est pas garanti. Spécifiez /EHsc
C:\Program Files\Microsoft Visual Studio\2022\Community\VC\Tools\MSVC\14.30.30705\include\exception(299,33): warning C4577: 'noexcept' utilisé sans mode de gestion d'exceptions spécifié. L'arrêt en cas d'exception n'est pas garanti. Spécifiez /EHsc
C:\Program Files\Microsoft Visual Studio\2022\Community\VC\Tools\MSVC\14.30.30705\include\exception(325,14): warning C4577: 'noexcept' utilisé sans mode de gestion d'exceptions spécifié. L'arrêt en cas d'exception n'est pas garanti. Spécifiez /EHsc
C:\Program Files\Microsoft Visual Studio\2022\Community\VC\Tools\MSVC\14.30.30705\include\exception(341,1): warning C4577: 'noexcept' utilisé sans mode de gestion d'exceptions spécifié. L'arrêt en cas d'exception n'est pas garanti. Spécifiez /EHsc
C:\Program Files\Microsoft Visual Studio\2022\Community\VC\Tools\MSVC\14.30.30705\include\limits(139,38): warning C4577: 'noexcept' utilisé sans mode de gestion d'exceptions spécifié. L'arrêt en cas d'exception n'est pas garanti. Spécifiez /EHsc
C:\Program Files\Microsoft Visual Studio\2022\Community\VC\Tools\MSVC\14.30.30705\include\limits(181,38): warning C4577: 'noexcept' utilisé sans mode de gestion d'exceptions spécifié. L'arrêt en cas d'exception n'est pas garanti. Spécifiez /EHsc
C:\Program Files\Microsoft Visual Studio\2022\Community\VC\Tools\MSVC\14.30.30705\include\limits(226,45): warning C4577: 'noexcept' utilisé sans mode de gestion d'exceptions spécifié. L'arrêt en cas d'exception n'est pas garanti. Spécifiez /EHsc
C:\Program Files\Microsoft Visual Studio\2022\Community\VC\Tools\MSVC\14.30.30705\include\limits(270,47): warning C4577: 'noexcept' utilisé sans mode de gestion d'exceptions spécifié. L'arrêt en cas d'exception n'est pas garanti. Spécifiez /EHsc
C:\Program Files\Microsoft Visual Studio\2022\Community\VC\Tools\MSVC\14.30.30705\include\limits(360,42): warning C4577: 'noexcept' utilisé sans mode de gestion d'exceptions spécifié. L'arrêt en cas d'exception n'est pas garanti. Spécifiez /EHsc
C:\Program Files\Microsoft Visual Studio\2022\Community\VC\Tools\MSVC\14.30.30705\include\limits(404,42): warning C4577: 'noexcept' utilisé sans mode de gestion d'exceptions spécifié. L'arrêt en cas d'exception n'est pas garanti. Spécifiez /EHsc
C:\Program Files\Microsoft Visual Studio\2022\Community\VC\Tools\MSVC\14.30.30705\include\limits(448,41): warning C4577: 'noexcept' utilisé sans mode de gestion d'exceptions spécifié. L'arrêt en cas d'exception n'est pas garanti. Spécifiez /EHsc
C:\Program Files\Microsoft Visual Studio\2022\Community\VC\Tools\MSVC\14.30.30705\include\limits(492,39): warning C4577: 'noexcept' utilisé sans mode de gestion d'exceptions spécifié. L'arrêt en cas d'exception n'est pas garanti. Spécifiez /EHsc
C:\Program Files\Microsoft Visual Studio\2022\Community\VC\Tools\MSVC\14.30.30705\include\limits(536,37): warning C4577: 'noexcept' utilisé sans mode de gestion d'exceptions spécifié. L'arrêt en cas d'exception n'est pas garanti. Spécifiez /EHsc
C:\Program Files\Microsoft Visual Studio\2022\Community\VC\Tools\MSVC\14.30.30705\include\limits(580,38): warning C4577: 'noexcept' utilisé sans mode de gestion d'exceptions spécifié. L'arrêt en cas d'exception n'est pas garanti. Spécifiez /EHsc
C:\Program Files\Microsoft Visual Studio\2022\Community\VC\Tools\MSVC\14.30.30705\include\limits(625,43): warning C4577: 'noexcept' utilisé sans mode de gestion d'exceptions spécifié. L'arrêt en cas d'exception n'est pas garanti. Spécifiez /EHsc
C:\Program Files\Microsoft Visual Studio\2022\Community\VC\Tools\MSVC\14.30.30705\include\limits(629,43): warning C4577: 'noexcept' utilisé sans mode de gestion d'exceptions spécifié. L'arrêt en cas d'exception n'est pas garanti. Spécifiez /EHsc
C:\Program Files\Microsoft Visual Studio\2022\Community\VC\Tools\MSVC\14.30.30705\include\limits(670,48): warning C4577: 'noexcept' utilisé sans mode de gestion d'exceptions spécifié. L'arrêt en cas d'exception n'est pas garanti. Spécifiez /EHsc
C:\Program Files\Microsoft Visual Studio\2022\Community\VC\Tools\MSVC\14.30.30705\include\limits(715,46): warning C4577: 'noexcept' utilisé sans mode de gestion d'exceptions spécifié. L'arrêt en cas d'exception n'est pas garanti. Spécifiez /EHsc
C:\Program Files\Microsoft Visual Studio\2022\Community\VC\Tools\MSVC\14.30.30705\include\limits(759,47): warning C4577: 'noexcept' utilisé sans mode de gestion d'exceptions spécifié. L'arrêt en cas d'exception n'est pas garanti. Spécifiez /EHsc
C:\Program Files\Microsoft Visual Studio\2022\Community\VC\Tools\MSVC\14.30.30705\include\limits(804,52): warning C4577: 'noexcept' utilisé sans mode de gestion d'exceptions spécifié. L'arrêt en cas d'exception n'est pas garanti. Spécifiez /EHsc
C:\Program Files\Microsoft Visual Studio\2022\Community\VC\Tools\MSVC\14.30.30705\include\limits(852,39): warning C4577: 'noexcept' utilisé sans mode de gestion d'exceptions spécifié. L'arrêt en cas d'exception n'est pas garanti. Spécifiez /EHsc
C:\Program Files\Microsoft Visual Studio\2022\Community\VC\Tools\MSVC\14.30.30705\include\limits(900,40): warning C4577: 'noexcept' utilisé sans mode de gestion d'exceptions spécifié. L'arrêt en cas d'exception n'est pas garanti. Spécifiez /EHsc
C:\Program Files\Microsoft Visual Studio\2022\Community\VC\Tools\MSVC\14.30.30705\include\limits(948,45): warning C4577: 'noexcept' utilisé sans mode de gestion d'exceptions spécifié. L'arrêt en cas d'exception n'est pas garanti. Spécifiez /EHsc
C:\Program Files\Microsoft Visual Studio\2022\Community\VC\Tools\MSVC\14.30.30705\include\xmemory(962,29): warning C4577: 'noexcept' utilisé sans mode de gestion d'exceptions spécifié. L'arrêt en cas d'exception n'est pas garanti. Spécifiez /EHsc
C:\Program Files\Microsoft Visual Studio\2022\Community\VC\Tools\MSVC\14.30.30705\include\xmemory(1035,5): warning C4577: 'noexcept' utilisé sans mode de gestion d'exceptions spécifié. L'arrêt en cas d'exception n'est pas garanti. Spécifiez /EHsc
C:\Program Files\Microsoft Visual Studio\2022\Community\VC\Tools\MSVC\14.30.30705\include\xmemory(1074,10): warning C4577: 'noexcept' utilisé sans mode de gestion d'exceptions spécifié. L'arrêt en cas d'exception n'est pas garanti. Spécifiez /EHsc
C:\Program Files\Microsoft Visual Studio\2022\Community\VC\Tools\MSVC\14.30.30705\include\xmemory(1079,10): warning C4577: 'noexcept' utilisé sans mode de gestion d'exceptions spécifié. L'arrêt en cas d'exception n'est pas garanti. Spécifiez /EHsc
C:\Program Files\Microsoft Visual Studio\2022\Community\VC\Tools\MSVC\14.30.30705\include\xmemory(1093,36): warning C4577: 'noexcept' utilisé sans mode de gestion d'exceptions spécifié. L'arrêt en cas d'exception n'est pas garanti. Spécifiez /EHsc
C:\Program Files\Microsoft Visual Studio\2022\Community\VC\Tools\MSVC\14.30.30705\include\xmemory(1152,23): warning C4577: 'noexcept' utilisé sans mode de gestion d'exceptions spécifié. L'arrêt en cas d'exception n'est pas garanti. Spécifiez /EHsc
C:\Program Files\Microsoft Visual Studio\2022\Community\VC\Tools\MSVC\14.30.30705\include\xmemory(1164,10): warning C4577: 'noexcept' utilisé sans mode de gestion d'exceptions spécifié. L'arrêt en cas d'exception n'est pas garanti. Spécifiez /EHsc
C:\Program Files\Microsoft Visual Studio\2022\Community\VC\Tools\MSVC\14.30.30705\include\xmemory(1169,23): warning C4577: 'noexcept' utilisé sans mode de gestion d'exceptions spécifié. L'arrêt en cas d'exception n'est pas garanti. Spécifiez /EHsc
C:\Program Files\Microsoft Visual Studio\2022\Community\VC\Tools\MSVC\14.30.30705\include\xmemory(1186,10): warning C4577: 'noexcept' utilisé sans mode de gestion d'exceptions spécifié. L'arrêt en cas d'exception n'est pas garanti. Spécifiez /EHsc
C:\Program Files\Microsoft Visual Studio\2022\Community\VC\Tools\MSVC\14.30.30705\include\xmemory(1191,23): warning C4577: 'noexcept' utilisé sans mode de gestion d'exceptions spécifié. L'arrêt en cas d'exception n'est pas garanti. Spécifiez /EHsc
C:\Program Files\Microsoft Visual Studio\2022\Community\VC\Tools\MSVC\14.30.30705\include\xmemory(1208,10): warning C4577: 'noexcept' utilisé sans mode de gestion d'exceptions spécifié. L'arrêt en cas d'exception n'est pas garanti. Spécifiez /EHsc
C:\Program Files\Microsoft Visual Studio\2022\Community\VC\Tools\MSVC\14.30.30705\include\xmemory(1215,38): warning C4577: 'noexcept' utilisé sans mode de gestion d'exceptions spécifié. L'arrêt en cas d'exception n'est pas garanti. Spécifiez /EHsc
C:\Program Files\Microsoft Visual Studio\2022\Community\VC\Tools\MSVC\14.30.30705\include\xmemory(1227,38): warning C4577: 'noexcept' utilisé sans mode de gestion d'exceptions spécifié. L'arrêt en cas d'exception n'est pas garanti. Spécifiez /EHsc
C:\Program Files\Microsoft Visual Studio\2022\Community\VC\Tools\MSVC\14.30.30705\include\xmemory(1240,38): warning C4577: 'noexcept' utilisé sans mode de gestion d'exceptions spécifié. L'arrêt en cas d'exception n'est pas garanti. Spécifiez /EHsc
C:\Program Files\Microsoft Visual Studio\2022\Community\VC\Tools\MSVC\14.30.30705\include\xmemory(1254,38): warning C4577: 'noexcept' utilisé sans mode de gestion d'exceptions spécifié. L'arrêt en cas d'exception n'est pas garanti. Spécifiez /EHsc
C:\Program Files\Microsoft Visual Studio\2022\Community\VC\Tools\MSVC\14.30.30705\include\xmemory(1295,20): warning C4577: 'noexcept' utilisé sans mode de gestion d'exceptions spécifié. L'arrêt en cas d'exception n'est pas garanti. Spécifiez /EHsc
C:\Program Files\Microsoft Visual Studio\2022\Community\VC\Tools\MSVC\14.30.30705\include\atomic(203,13): warning C4577: 'noexcept' utilisé sans mode de gestion d'exceptions spécifié. L'arrêt en cas d'exception n'est pas garanti. Spécifiez /EHsc
C:\Program Files\Microsoft Visual Studio\2022\Community\VC\Tools\MSVC\14.30.30705\include\atomic(226,13): warning C4577: 'noexcept' utilisé sans mode de gestion d'exceptions spécifié. L'arrêt en cas d'exception n'est pas garanti. Spécifiez /EHsc
C:\Program Files\Microsoft Visual Studio\2022\Community\VC\Tools\MSVC\14.30.30705\include\atomic(2832,10): warning C4577: 'noexcept' utilisé sans mode de gestion d'exceptions spécifié. L'arrêt en cas d'exception n'est pas garanti. Spécifiez /EHsc
C:\Program Files\Microsoft Visual Studio\2022\Community\VC\Tools\MSVC\14.30.30705\include\atomic(2836,10): warning C4577: 'noexcept' utilisé sans mode de gestion d'exceptions spécifié. L'arrêt en cas d'exception n'est pas garanti. Spécifiez /EHsc
C:\Program Files\Microsoft Visual Studio\2022\Community\VC\Tools\MSVC\14.30.30705\include\atomic(2840,10): warning C4577: 'noexcept' utilisé sans mode de gestion d'exceptions spécifié. L'arrêt en cas d'exception n'est pas garanti. Spécifiez /EHsc
C:\Program Files\Microsoft Visual Studio\2022\Community\VC\Tools\MSVC\14.30.30705\include\atomic(2844,10): warning C4577: 'noexcept' utilisé sans mode de gestion d'exceptions spécifié. L'arrêt en cas d'exception n'est pas garanti. Spécifiez /EHsc
C:\Program Files\Microsoft Visual Studio\2022\Community\VC\Tools\MSVC\14.30.30705\include\system_error(89,21): warning C4577: 'noexcept' utilisé sans mode de gestion d'exceptions spécifié. L'arrêt en cas d'exception n'est pas garanti. Spécifiez /EHsc
C:\Program Files\Microsoft Visual Studio\2022\Community\VC\Tools\MSVC\14.30.30705\include\system_error(105,21): warning C4577: 'noexcept' utilisé sans mode de gestion d'exceptions spécifié. L'arrêt en cas d'exception n'est pas garanti. Spécifiez /EHsc
C:\Program Files\Microsoft Visual Studio\2022\Community\VC\Tools\MSVC\14.30.30705\include\system_error(116,5): warning C4577: 'noexcept' utilisé sans mode de gestion d'exceptions spécifié. L'arrêt en cas d'exception n'est pas garanti. Spécifiez /EHsc
C:\Program Files\Microsoft Visual Studio\2022\Community\VC\Tools\MSVC\14.30.30705\include\system_error(124,1): warning C4577: 'noexcept' utilisé sans mode de gestion d'exceptions spécifié. L'arrêt en cas d'exception n'est pas garanti. Spécifiez /EHsc
C:\Program Files\Microsoft Visual Studio\2022\Community\VC\Tools\MSVC\14.30.30705\include\system_error(77,18): warning C4577: 'noexcept' utilisé sans mode de gestion d'exceptions spécifié. L'arrêt en cas d'exception n'est pas garanti. Spécifiez /EHsc
C:\Program Files\Microsoft Visual Studio\2022\Community\VC\Tools\MSVC\14.30.30705\include\system_error(134,5): warning C4577: 'noexcept' utilisé sans mode de gestion d'exceptions spécifié. L'arrêt en cas d'exception n'est pas garanti. Spécifiez /EHsc
C:\Program Files\Microsoft Visual Studio\2022\Community\VC\Tools\MSVC\14.30.30705\include\system_error(157,20): warning C4577: 'noexcept' utilisé sans mode de gestion d'exceptions spécifié. L'arrêt en cas d'exception n'est pas garanti. Spécifiez /EHsc
C:\Program Files\Microsoft Visual Studio\2022\Community\VC\Tools\MSVC\14.30.30705\include\system_error(161,38): warning C4577: 'noexcept' utilisé sans mode de gestion d'exceptions spécifié. L'arrêt en cas d'exception n'est pas garanti. Spécifiez /EHsc
C:\Program Files\Microsoft Visual Studio\2022\Community\VC\Tools\MSVC\14.30.30705\include\system_error(176,28): warning C4577: 'noexcept' utilisé sans mode de gestion d'exceptions spécifié. L'arrêt en cas d'exception n'est pas garanti. Spécifiez /EHsc
C:\Program Files\Microsoft Visual Studio\2022\Community\VC\Tools\MSVC\14.30.30705\include\system_error(226,5): warning C4577: 'noexcept' utilisé sans mode de gestion d'exceptions spécifié. L'arrêt en cas d'exception n'est pas garanti. Spécifiez /EHsc
C:\Program Files\Microsoft Visual Studio\2022\Community\VC\Tools\MSVC\14.30.30705\include\system_error(249,20): warning C4577: 'noexcept' utilisé sans mode de gestion d'exceptions spécifié. L'arrêt en cas d'exception n'est pas garanti. Spécifiez /EHsc
C:\Program Files\Microsoft Visual Studio\2022\Community\VC\Tools\MSVC\14.30.30705\include\system_error(253,38): warning C4577: 'noexcept' utilisé sans mode de gestion d'exceptions spécifié. L'arrêt en cas d'exception n'est pas garanti. Spécifiez /EHsc
C:\Program Files\Microsoft Visual Studio\2022\Community\VC\Tools\MSVC\14.30.30705\include\system_error(266,28): warning C4577: 'noexcept' utilisé sans mode de gestion d'exceptions spécifié. L'arrêt en cas d'exception n'est pas garanti. Spécifiez /EHsc
C:\Program Files\Microsoft Visual Studio\2022\Community\VC\Tools\MSVC\14.30.30705\include\system_error(308,24): warning C4577: 'noexcept' utilisé sans mode de gestion d'exceptions spécifié. L'arrêt en cas d'exception n'est pas garanti. Spécifiez /EHsc
C:\Program Files\Microsoft Visual Studio\2022\Community\VC\Tools\MSVC\14.30.30705\include\system_error(374,51): warning C4577: 'noexcept' utilisé sans mode de gestion d'exceptions spécifié. L'arrêt en cas d'exception n'est pas garanti. Spécifiez /EHsc
C:\Program Files\Microsoft Visual Studio\2022\Community\VC\Tools\MSVC\14.30.30705\include\system_error(379,40): warning C4577: 'noexcept' utilisé sans mode de gestion d'exceptions spécifié. L'arrêt en cas d'exception n'est pas garanti. Spécifiez /EHsc
C:\Program Files\Microsoft Visual Studio\2022\Community\VC\Tools\MSVC\14.30.30705\include\system_error(383,40): warning C4577: 'noexcept' utilisé sans mode de gestion d'exceptions spécifié. L'arrêt en cas d'exception n'est pas garanti. Spécifiez /EHsc
C:\Program Files\Microsoft Visual Studio\2022\Community\VC\Tools\MSVC\14.30.30705\include\system_error(392,30): warning C4577: 'noexcept' utilisé sans mode de gestion d'exceptions spécifié. L'arrêt en cas d'exception n'est pas garanti. Spécifiez /EHsc
C:\Program Files\Microsoft Visual Studio\2022\Community\VC\Tools\MSVC\14.30.30705\include\system_error(396,30): warning C4577: 'noexcept' utilisé sans mode de gestion d'exceptions spécifié. L'arrêt en cas d'exception n'est pas garanti. Spécifiez /EHsc
C:\Program Files\Microsoft Visual Studio\2022\Community\VC\Tools\MSVC\14.30.30705\include\system_error(488,5): warning C4577: 'noexcept' utilisé sans mode de gestion d'exceptions spécifié. L'arrêt en cas d'exception n'est pas garanti. Spécifiez /EHsc
C:\Program Files\Microsoft Visual Studio\2022\Community\VC\Tools\MSVC\14.30.30705\include\system_error(501,5): warning C4577: 'noexcept' utilisé sans mode de gestion d'exceptions spécifié. L'arrêt en cas d'exception n'est pas garanti. Spécifiez /EHsc
C:\Program Files\Microsoft Visual Studio\2022\Community\VC\Tools\MSVC\14.30.30705\include\system_error(503,28): warning C4577: 'noexcept' utilisé sans mode de gestion d'exceptions spécifié. L'arrêt en cas d'exception n'est pas garanti. Spécifiez /EHsc
C:\Program Files\Microsoft Visual Studio\2022\Community\VC\Tools\MSVC\14.30.30705\include\system_error(514,5): warning C4577: 'noexcept' utilisé sans mode de gestion d'exceptions spécifié. L'arrêt en cas d'exception n'est pas garanti. Spécifiez /EHsc
C:\Program Files\Microsoft Visual Studio\2022\Community\VC\Tools\MSVC\14.30.30705\include\system_error(516,28): warning C4577: 'noexcept' utilisé sans mode de gestion d'exceptions spécifié. L'arrêt en cas d'exception n'est pas garanti. Spécifiez /EHsc
C:\Program Files\Microsoft Visual Studio\2022\Community\VC\Tools\MSVC\14.30.30705\include\system_error(533,5): warning C4577: 'noexcept' utilisé sans mode de gestion d'exceptions spécifié. L'arrêt en cas d'exception n'est pas garanti. Spécifiez /EHsc
C:\Program Files\Microsoft Visual Studio\2022\Community\VC\Tools\MSVC\14.30.30705\include\system_error(535,28): warning C4577: 'noexcept' utilisé sans mode de gestion d'exceptions spécifié. L'arrêt en cas d'exception n'est pas garanti. Spécifiez /EHsc
C:\Program Files\Microsoft Visual Studio\2022\Community\VC\Tools\MSVC\14.30.30705\include\system_error(550,32): warning C4577: 'noexcept' utilisé sans mode de gestion d'exceptions spécifié. L'arrêt en cas d'exception n'est pas garanti. Spécifiez /EHsc
C:\Program Files\Microsoft Visual Studio\2022\Community\VC\Tools\MSVC\14.30.30705\include\system_error(652,41): warning C4577: 'noexcept' utilisé sans mode de gestion d'exceptions spécifié. L'arrêt en cas d'exception n'est pas garanti. Spécifiez /EHsc
C:\Program Files\Microsoft Visual Studio\2022\Community\VC\Tools\MSVC\14.30.30705\include\system_error(656,41): warning C4577: 'noexcept' utilisé sans mode de gestion d'exceptions spécifié. L'arrêt en cas d'exception n'est pas garanti. Spécifiez /EHsc
C:\Program Files\Microsoft Visual Studio\2022\Community\VC\Tools\MSVC\14.30.30705\include\system_error(660,41): warning C4577: 'noexcept' utilisé sans mode de gestion d'exceptions spécifié. L'arrêt en cas d'exception n'est pas garanti. Spécifiez /EHsc
C:\Program Files\Microsoft Visual Studio\2022\Community\VC\Tools\MSVC\14.30.30705\include\memory(1033,5): warning C4577: 'noexcept' utilisé sans mode de gestion d'exceptions spécifié. L'arrêt en cas d'exception n'est pas garanti. Spécifiez /EHsc
C:\Program Files\Microsoft Visual Studio\2022\Community\VC\Tools\MSVC\14.30.30705\include\memory(1035,47): warning C4577: 'noexcept' utilisé sans mode de gestion d'exceptions spécifié. L'arrêt en cas d'exception n'est pas garanti. Spécifiez /EHsc
C:\Program Files\Microsoft Visual Studio\2022\Community\VC\Tools\MSVC\14.30.30705\include\memory(1071,14): warning C4577: 'noexcept' utilisé sans mode de gestion d'exceptions spécifié. L'arrêt en cas d'exception n'est pas garanti. Spécifiez /EHsc
C:\Program Files\Microsoft Visual Studio\2022\Community\VC\Tools\MSVC\14.30.30705\include\memory(1107,10): warning C4577: 'noexcept' utilisé sans mode de gestion d'exceptions spécifié. L'arrêt en cas d'exception n'est pas garanti. Spécifiez /EHsc
C:\Program Files\Microsoft Visual Studio\2022\Community\VC\Tools\MSVC\14.30.30705\include\memory(1117,19): warning C4577: 'noexcept' utilisé sans mode de gestion d'exceptions spécifié. L'arrêt en cas d'exception n'est pas garanti. Spécifiez /EHsc
C:\Program Files\Microsoft Visual Studio\2022\Community\VC\Tools\MSVC\14.30.30705\include\memory(1120,1): warning C4577: 'noexcept' utilisé sans mode de gestion d'exceptions spécifié. L'arrêt en cas d'exception n'est pas garanti. Spécifiez /EHsc
C:\Program Files\Microsoft Visual Studio\2022\Community\VC\Tools\MSVC\14.30.30705\include\xfacet(27,33): warning C4577: 'noexcept' utilisé sans mode de gestion d'exceptions spécifié. L'arrêt en cas d'exception n'est pas garanti. Spécifiez /EHsc
C:\Program Files\Microsoft Visual Studio\2022\Community\VC\Tools\MSVC\14.30.30705\include\xfacet(34,1): warning C4577: 'noexcept' utilisé sans mode de gestion d'exceptions spécifié. L'arrêt en cas d'exception n'est pas garanti. Spécifiez /EHsc
C:\Program Files\Microsoft Visual Studio\2022\Community\VC\Tools\MSVC\14.30.30705\include\xlocinfo(126,25): warning C4577: 'noexcept' utilisé sans mode de gestion d'exceptions spécifié. L'arrêt en cas d'exception n'est pas garanti. Spécifiez /EHsc
C:\Program Files\Microsoft Visual Studio\2022\Community\VC\Tools\MSVC\14.30.30705\include\xlocinfo(269,25): warning C4577: 'noexcept' utilisé sans mode de gestion d'exceptions spécifié. L'arrêt en cas d'exception n'est pas garanti. Spécifiez /EHsc
C:\Program Files\Microsoft Visual Studio\2022\Community\VC\Tools\MSVC\14.30.30705\include\xlocale(70,30): warning C4577: 'noexcept' utilisé sans mode de gestion d'exceptions spécifié. L'arrêt en cas d'exception n'est pas garanti. Spécifiez /EHsc
C:\Program Files\Microsoft Visual Studio\2022\Community\VC\Tools\MSVC\14.30.30705\include\xlocale(74,29): warning C4577: 'noexcept' utilisé sans mode de gestion d'exceptions spécifié. L'arrêt en cas d'exception n'est pas garanti. Spécifiez /EHsc
C:\Program Files\Microsoft Visual Studio\2022\Community\VC\Tools\MSVC\14.30.30705\include\xlocale(131,33): warning C4577: 'noexcept' utilisé sans mode de gestion d'exceptions spécifié. L'arrêt en cas d'exception n'est pas garanti. Spécifiez /EHsc
C:\Program Files\Microsoft Visual Studio\2022\Community\VC\Tools\MSVC\14.30.30705\include\xlocale(135,41): warning C4577: 'noexcept' utilisé sans mode de gestion d'exceptions spécifié. L'arrêt en cas d'exception n'est pas garanti. Spécifiez /EHsc
C:\Program Files\Microsoft Visual Studio\2022\Community\VC\Tools\MSVC\14.30.30705\include\xlocale(151,29): warning C4577: 'noexcept' utilisé sans mode de gestion d'exceptions spécifié. L'arrêt en cas d'exception n'est pas garanti. Spécifiez /EHsc
C:\Program Files\Microsoft Visual Studio\2022\Community\VC\Tools\MSVC\14.30.30705\include\xlocale(169,29): warning C4577: 'noexcept' utilisé sans mode de gestion d'exceptions spécifié. L'arrêt en cas d'exception n'est pas garanti. Spécifiez /EHsc
C:\Program Files\Microsoft Visual Studio\2022\Community\VC\Tools\MSVC\14.30.30705\include\xlocale(262,5): warning C4577: 'noexcept' utilisé sans mode de gestion d'exceptions spécifié. L'arrêt en cas d'exception n'est pas garanti. Spécifiez /EHsc
C:\Program Files\Microsoft Visual Studio\2022\Community\VC\Tools\MSVC\14.30.30705\include\xlocale(266,5): warning C4577: 'noexcept' utilisé sans mode de gestion d'exceptions spécifié. L'arrêt en cas d'exception n'est pas garanti. Spécifiez /EHsc
C:\Program Files\Microsoft Visual Studio\2022\Community\VC\Tools\MSVC\14.30.30705\include\xlocale(345,6): warning C4577: 'noexcept' utilisé sans mode de gestion d'exceptions spécifié. L'arrêt en cas d'exception n'est pas garanti. Spécifiez /EHsc
C:\Program Files\Microsoft Visual Studio\2022\Community\VC\Tools\MSVC\14.30.30705\include\xlocale(351,19): warning C4577: 'noexcept' utilisé sans mode de gestion d'exceptions spécifié. L'arrêt en cas d'exception n'est pas garanti. Spécifiez /EHsc
C:\Program Files\Microsoft Visual Studio\2022\Community\VC\Tools\MSVC\14.30.30705\include\xlocale(622,29): warning C4577: 'noexcept' utilisé sans mode de gestion d'exceptions spécifié. L'arrêt en cas d'exception n'est pas garanti. Spécifiez /EHsc
C:\Program Files\Microsoft Visual Studio\2022\Community\VC\Tools\MSVC\14.30.30705\include\xlocale(636,25): warning C4577: 'noexcept' utilisé sans mode de gestion d'exceptions spécifié. L'arrêt en cas d'exception n'est pas garanti. Spécifiez /EHsc
C:\Program Files\Microsoft Visual Studio\2022\Community\VC\Tools\MSVC\14.30.30705\include\xlocale(639,37): warning C4577: 'noexcept' utilisé sans mode de gestion d'exceptions spécifié. L'arrêt en cas d'exception n'est pas garanti. Spécifiez /EHsc
C:\Program Files\Microsoft Visual Studio\2022\Community\VC\Tools\MSVC\14.30.30705\include\xlocale(644,36): warning C4577: 'noexcept' utilisé sans mode de gestion d'exceptions spécifié. L'arrêt en cas d'exception n'est pas garanti. Spécifiez /EHsc
C:\Program Files\Microsoft Visual Studio\2022\Community\VC\Tools\MSVC\14.30.30705\include\xlocale(649,36): warning C4577: 'noexcept' utilisé sans mode de gestion d'exceptions spécifié. L'arrêt en cas d'exception n'est pas garanti. Spécifiez /EHsc
C:\Program Files\Microsoft Visual Studio\2022\Community\VC\Tools\MSVC\14.30.30705\include\xlocale(896,25): warning C4577: 'noexcept' utilisé sans mode de gestion d'exceptions spécifié. L'arrêt en cas d'exception n'est pas garanti. Spécifiez /EHsc
C:\Program Files\Microsoft Visual Studio\2022\Community\VC\Tools\MSVC\14.30.30705\include\xlocale(1102,29): warning C4577: 'noexcept' utilisé sans mode de gestion d'exceptions spécifié. L'arrêt en cas d'exception n'est pas garanti. Spécifiez /EHsc
C:\Program Files\Microsoft Visual Studio\2022\Community\VC\Tools\MSVC\14.30.30705\include\xlocale(1107,28): warning C4577: 'noexcept' utilisé sans mode de gestion d'exceptions spécifié. L'arrêt en cas d'exception n'est pas garanti. Spécifiez /EHsc
C:\Program Files\Microsoft Visual Studio\2022\Community\VC\Tools\MSVC\14.30.30705\include\xlocale(1121,9): warning C4577: 'noexcept' utilisé sans mode de gestion d'exceptions spécifié. L'arrêt en cas d'exception n'est pas garanti. Spécifiez /EHsc
C:\Program Files\Microsoft Visual Studio\2022\Community\VC\Tools\MSVC\14.30.30705\include\xlocale(1128,1): warning C4577: 'noexcept' utilisé sans mode de gestion d'exceptions spécifié. L'arrêt en cas d'exception n'est pas garanti. Spécifiez /EHsc
C:\Program Files\Microsoft Visual Studio\2022\Community\VC\Tools\MSVC\14.30.30705\include\xlocale(1194,25): warning C4577: 'noexcept' utilisé sans mode de gestion d'exceptions spécifié. L'arrêt en cas d'exception n'est pas garanti. Spécifiez /EHsc
C:\Program Files\Microsoft Visual Studio\2022\Community\VC\Tools\MSVC\14.30.30705\include\xlocale(1343,29): warning C4577: 'noexcept' utilisé sans mode de gestion d'exceptions spécifié. L'arrêt en cas d'exception n'est pas garanti. Spécifiez /EHsc
C:\Program Files\Microsoft Visual Studio\2022\Community\VC\Tools\MSVC\14.30.30705\include\xlocale(1348,28): warning C4577: 'noexcept' utilisé sans mode de gestion d'exceptions spécifié. L'arrêt en cas d'exception n'est pas garanti. Spécifiez /EHsc
C:\Program Files\Microsoft Visual Studio\2022\Community\VC\Tools\MSVC\14.30.30705\include\xlocale(1353,28): warning C4577: 'noexcept' utilisé sans mode de gestion d'exceptions spécifié. L'arrêt en cas d'exception n'est pas garanti. Spécifiez /EHsc
C:\Program Files\Microsoft Visual Studio\2022\Community\VC\Tools\MSVC\14.30.30705\include\xlocale(1362,1): warning C4577: 'noexcept' utilisé sans mode de gestion d'exceptions spécifié. L'arrêt en cas d'exception n'est pas garanti. Spécifiez /EHsc
C:\Program Files\Microsoft Visual Studio\2022\Community\VC\Tools\MSVC\14.30.30705\include\xlocale(1961,25): warning C4577: 'noexcept' utilisé sans mode de gestion d'exceptions spécifié. L'arrêt en cas d'exception n'est pas garanti. Spécifiez /EHsc
C:\Program Files\Microsoft Visual Studio\2022\Community\VC\Tools\MSVC\14.30.30705\include\xlocale(2087,29): warning C4577: 'noexcept' utilisé sans mode de gestion d'exceptions spécifié. L'arrêt en cas d'exception n'est pas garanti. Spécifiez /EHsc
C:\Program Files\Microsoft Visual Studio\2022\Community\VC\Tools\MSVC\14.30.30705\include\xlocale(2092,28): warning C4577: 'noexcept' utilisé sans mode de gestion d'exceptions spécifié. L'arrêt en cas d'exception n'est pas garanti. Spécifiez /EHsc
C:\Program Files\Microsoft Visual Studio\2022\Community\VC\Tools\MSVC\14.30.30705\include\xlocale(2097,28): warning C4577: 'noexcept' utilisé sans mode de gestion d'exceptions spécifié. L'arrêt en cas d'exception n'est pas garanti. Spécifiez /EHsc
C:\Program Files\Microsoft Visual Studio\2022\Community\VC\Tools\MSVC\14.30.30705\include\xlocale(2104,1): warning C4577: 'noexcept' utilisé sans mode de gestion d'exceptions spécifié. L'arrêt en cas d'exception n'est pas garanti. Spécifiez /EHsc
C:\Program Files\Microsoft Visual Studio\2022\Community\VC\Tools\MSVC\14.30.30705\include\xlocale(2160,25): warning C4577: 'noexcept' utilisé sans mode de gestion d'exceptions spécifié. L'arrêt en cas d'exception n'est pas garanti. Spécifiez /EHsc
C:\Program Files\Microsoft Visual Studio\2022\Community\VC\Tools\MSVC\14.30.30705\include\xlocale(2288,29): warning C4577: 'noexcept' utilisé sans mode de gestion d'exceptions spécifié. L'arrêt en cas d'exception n'est pas garanti. Spécifiez /EHsc
C:\Program Files\Microsoft Visual Studio\2022\Community\VC\Tools\MSVC\14.30.30705\include\xlocale(2293,28): warning C4577: 'noexcept' utilisé sans mode de gestion d'exceptions spécifié. L'arrêt en cas d'exception n'est pas garanti. Spécifiez /EHsc
C:\Program Files\Microsoft Visual Studio\2022\Community\VC\Tools\MSVC\14.30.30705\include\xlocale(2298,28): warning C4577: 'noexcept' utilisé sans mode de gestion d'exceptions spécifié. L'arrêt en cas d'exception n'est pas garanti. Spécifiez /EHsc
C:\Program Files\Microsoft Visual Studio\2022\Community\VC\Tools\MSVC\14.30.30705\include\xlocale(2305,1): warning C4577: 'noexcept' utilisé sans mode de gestion d'exceptions spécifié. L'arrêt en cas d'exception n'est pas garanti. Spécifiez /EHsc
C:\Program Files\Microsoft Visual Studio\2022\Community\VC\Tools\MSVC\14.30.30705\include\xlocale(2358,25): warning C4577: 'noexcept' utilisé sans mode de gestion d'exceptions spécifié. L'arrêt en cas d'exception n'est pas garanti. Spécifiez /EHsc
C:\Program Files\Microsoft Visual Studio\2022\Community\VC\Tools\MSVC\14.30.30705\include\xlocale(2711,36): warning C4577: 'noexcept' utilisé sans mode de gestion d'exceptions spécifié. L'arrêt en cas d'exception n'est pas garanti. Spécifiez /EHsc
C:\Program Files\Microsoft Visual Studio\2022\Community\VC\Tools\MSVC\14.30.30705\include\xlocale(2715,43): warning C4577: 'noexcept' utilisé sans mode de gestion d'exceptions spécifié. L'arrêt en cas d'exception n'est pas garanti. Spécifiez /EHsc
C:\Program Files\Microsoft Visual Studio\2022\Community\VC\Tools\MSVC\14.30.30705\include\xlocale(2722,25): warning C4577: 'noexcept' utilisé sans mode de gestion d'exceptions spécifié. L'arrêt en cas d'exception n'est pas garanti. Spécifiez /EHsc
C:\Program Files\Microsoft Visual Studio\2022\Community\VC\Tools\MSVC\14.30.30705\include\xlocale(2730,29): warning C4577: 'noexcept' utilisé sans mode de gestion d'exceptions spécifié. L'arrêt en cas d'exception n'est pas garanti. Spécifiez /EHsc
C:\Program Files\Microsoft Visual Studio\2022\Community\VC\Tools\MSVC\14.30.30705\include\xlocale(2792,1): warning C4577: 'noexcept' utilisé sans mode de gestion d'exceptions spécifié. L'arrêt en cas d'exception n'est pas garanti. Spécifiez /EHsc
C:\Program Files\Microsoft Visual Studio\2022\Community\VC\Tools\MSVC\14.30.30705\include\xlocale(2877,25): warning C4577: 'noexcept' utilisé sans mode de gestion d'exceptions spécifié. L'arrêt en cas d'exception n'est pas garanti. Spécifiez /EHsc
C:\Program Files\Microsoft Visual Studio\2022\Community\VC\Tools\MSVC\14.30.30705\include\xlocale(2992,1): warning C4577: 'noexcept' utilisé sans mode de gestion d'exceptions spécifié. L'arrêt en cas d'exception n'est pas garanti. Spécifiez /EHsc
C:\Program Files\Microsoft Visual Studio\2022\Community\VC\Tools\MSVC\14.30.30705\include\xlocale(3078,25): warning C4577: 'noexcept' utilisé sans mode de gestion d'exceptions spécifié. L'arrêt en cas d'exception n'est pas garanti. Spécifiez /EHsc
C:\Program Files\Microsoft Visual Studio\2022\Community\VC\Tools\MSVC\14.30.30705\include\xlocale(3199,1): warning C4577: 'noexcept' utilisé sans mode de gestion d'exceptions spécifié. L'arrêt en cas d'exception n'est pas garanti. Spécifiez /EHsc
C:\Program Files\Microsoft Visual Studio\2022\Community\VC\Tools\MSVC\14.30.30705\include\xiosbase(447,33): warning C4577: 'noexcept' utilisé sans mode de gestion d'exceptions spécifié. L'arrêt en cas d'exception n'est pas garanti. Spécifiez /EHsc
C:\Program Files\Microsoft Visual Studio\2022\Community\VC\Tools\MSVC\14.30.30705\include\xiosbase(519,29): warning C4577: 'noexcept' utilisé sans mode de gestion d'exceptions spécifié. L'arrêt en cas d'exception n'est pas garanti. Spécifiez /EHsc
C:\Program Files\Microsoft Visual Studio\2022\Community\VC\Tools\MSVC\14.30.30705\include\istream(743,25): warning C4577: 'noexcept' utilisé sans mode de gestion d'exceptions spécifié. L'arrêt en cas d'exception n'est pas garanti. Spécifiez /EHsc
C:\Program Files\Microsoft Visual Studio\2022\Community\VC\Tools\MSVC\14.30.30705\include\istream(71,25): warning C4577: 'noexcept' utilisé sans mode de gestion d'exceptions spécifié. L'arrêt en cas d'exception n'est pas garanti. Spécifiez /EHsc
C:\Program Files\Microsoft Visual Studio\2022\Community\VC\Tools\MSVC\14.30.30705\include\ostream(62,25): warning C4577: 'noexcept' utilisé sans mode de gestion d'exceptions spécifié. L'arrêt en cas d'exception n'est pas garanti. Spécifiez /EHsc
C:\Program Files\Microsoft Visual Studio\2022\Community\VC\Tools\MSVC\14.30.30705\include\ios(37,25): warning C4577: 'noexcept' utilisé sans mode de gestion d'exceptions spécifié. L'arrêt en cas d'exception n'est pas garanti. Spécifiez /EHsc
C:\Program Files\Microsoft Visual Studio\2022\Community\VC\Tools\MSVC\14.30.30705\include\xlocnum(1194,25): warning C4577: 'noexcept' utilisé sans mode de gestion d'exceptions spécifié. L'arrêt en cas d'exception n'est pas garanti. Spécifiez /EHsc
C:\Program Files\Microsoft Visual Studio\2022\Community\VC\Tools\MSVC\14.30.30705\include\xlocnum(280,25): warning C4577: 'noexcept' utilisé sans mode de gestion d'exceptions spécifié. L'arrêt en cas d'exception n'est pas garanti. Spécifiez /EHsc
C:\Program Files\Microsoft Visual Studio\2022\Community\VC\Tools\MSVC\14.30.30705\include\xlocnum(155,25): warning C4577: 'noexcept' utilisé sans mode de gestion d'exceptions spécifié. L'arrêt en cas d'exception n'est pas garanti. Spécifiez /EHsc
C:\Program Files\Microsoft Visual Studio\2022\Community\VC\Tools\MSVC\14.30.30705\include\streambuf(68,33): warning C4577: 'noexcept' utilisé sans mode de gestion d'exceptions spécifié. L'arrêt en cas d'exception n'est pas garanti. Spécifiez /EHsc
C:\Program Files\Microsoft Visual Studio\2022\Community\VC\Tools\MSVC\14.30.30705\include\xlocale(717,29): warning C4577: 'noexcept' utilisé sans mode de gestion d'exceptions spécifié. L'arrêt en cas d'exception n'est pas garanti. Spécifiez /EHsc
C:\Program Files\Microsoft Visual Studio\2022\Community\VC\Tools\MSVC\14.30.30705\include\xlocale(713,25): warning C4577: 'noexcept' utilisé sans mode de gestion d'exceptions spécifié. L'arrêt en cas d'exception n'est pas garanti. Spécifiez /EHsc
C:\Program Files\Microsoft Visual Studio\2022\Community\VC\Tools\MSVC\14.30.30705\include\xlocinfo(208,45): warning C4577: 'noexcept' utilisé sans mode de gestion d'exceptions spécifié. L'arrêt en cas d'exception n'est pas garanti. Spécifiez /EHsc
C:\Program Files\Microsoft Visual Studio\2022\Community\VC\Tools\MSVC\14.30.30705\include\xlocinfo(204,40): warning C4577: 'noexcept' utilisé sans mode de gestion d'exceptions spécifié. L'arrêt en cas d'exception n'est pas garanti. Spécifiez /EHsc
C:\Program Files\Microsoft Visual Studio\2022\Community\VC\Tools\MSVC\14.30.30705\include\xlocinfo(192,25): warning C4577: 'noexcept' utilisé sans mode de gestion d'exceptions spécifié. L'arrêt en cas d'exception n'est pas garanti. Spécifiez /EHsc
C:\Program Files\Microsoft Visual Studio\2022\Community\VC\Tools\MSVC\14.30.30705\include\xlocinfo(165,31): warning C4577: 'noexcept' utilisé sans mode de gestion d'exceptions spécifié. L'arrêt en cas d'exception n'est pas garanti. Spécifiez /EHsc
C:\Program Files\Microsoft Visual Studio\2022\Community\VC\Tools\MSVC\14.30.30705\include\xlocinfo(151,24): warning C4577: 'noexcept' utilisé sans mode de gestion d'exceptions spécifié. L'arrêt en cas d'exception n'est pas garanti. Spécifiez /EHsc
C:\Program Files\Microsoft Visual Studio\2022\Community\VC\Tools\MSVC\14.30.30705\include\xlocinfo(200,45): warning C4577: 'noexcept' utilisé sans mode de gestion d'exceptions spécifié. L'arrêt en cas d'exception n'est pas garanti. Spécifiez /EHsc
C:\Program Files\Microsoft Visual Studio\2022\Community\VC\Tools\MSVC\14.30.30705\include\xlocinfo(157,24): warning C4577: 'noexcept' utilisé sans mode de gestion d'exceptions spécifié. L'arrêt en cas d'exception n'est pas garanti. Spécifiez /EHsc
C:\Program Files\Microsoft Visual Studio\2022\Community\VC\Tools\MSVC\14.30.30705\include\type_traits(2095,23): warning C4577: 'noexcept' utilisé sans mode de gestion d'exceptions spécifié. L'arrêt en cas d'exception n'est pas garanti. Spécifiez /EHsc
C:\Program Files\Microsoft Visual Studio\2022\Community\VC\Tools\MSVC\14.30.30705\include\atomic(2248,9): warning C4577: 'noexcept' utilisé sans mode de gestion d'exceptions spécifié. L'arrêt en cas d'exception n'est pas garanti. Spécifiez /EHsc
C:\Program Files\Microsoft Visual Studio\2022\Community\VC\Tools\MSVC\14.30.30705\include\atomic(2226,10): warning C4577: 'noexcept' utilisé sans mode de gestion d'exceptions spécifié. L'arrêt en cas d'exception n'est pas garanti. Spécifiez /EHsc
C:\Program Files\Microsoft Visual Studio\2022\Community\VC\Tools\MSVC\14.30.30705\include\atomic(2174,5): warning C4577: 'noexcept' utilisé sans mode de gestion d'exceptions spécifié. L'arrêt en cas d'exception n'est pas garanti. Spécifiez /EHsc
C:\Program Files\Microsoft Visual Studio\2022\Community\VC\Tools\MSVC\14.30.30705\include\atomic(928,11): warning C4577: 'noexcept' utilisé sans mode de gestion d'exceptions spécifié. L'arrêt en cas d'exception n'est pas garanti. Spécifiez /EHsc
C:\Program Files\Microsoft Visual Studio\2022\Community\VC\Tools\MSVC\14.30.30705\include\atomic(891,10): warning C4577: 'noexcept' utilisé sans mode de gestion d'exceptions spécifié. L'arrêt en cas d'exception n'est pas garanti. Spécifiez /EHsc
C:\Program Files\Microsoft Visual Studio\2022\Community\VC\Tools\MSVC\14.30.30705\include\xstring(3014,19): warning C4577: 'noexcept' utilisé sans mode de gestion d'exceptions spécifié. L'arrêt en cas d'exception n'est pas garanti. Spécifiez /EHsc
C:\Program Files\Microsoft Visual Studio\2022\Community\VC\Tools\MSVC\14.30.30705\include\xstring(3931,50): warning C4577: 'noexcept' utilisé sans mode de gestion d'exceptions spécifié. L'arrêt en cas d'exception n'est pas garanti. Spécifiez /EHsc
C:\Program Files\Microsoft Visual Studio\2022\Community\VC\Tools\MSVC\14.30.30705\include\xstring(3849,39): warning C4577: 'noexcept' utilisé sans mode de gestion d'exceptions spécifié. L'arrêt en cas d'exception n'est pas garanti. Spécifiez /EHsc
C:\Program Files\Microsoft Visual Studio\2022\Community\VC\Tools\MSVC\14.30.30705\include\xstring(2616,5): warning C4577: 'noexcept' utilisé sans mode de gestion d'exceptions spécifié. L'arrêt en cas d'exception n'est pas garanti. Spécifiez /EHsc
C:\Program Files\Microsoft Visual Studio\2022\Community\VC\Tools\MSVC\14.30.30705\include\xstring(4436,33): warning C4577: 'noexcept' utilisé sans mode de gestion d'exceptions spécifié. L'arrêt en cas d'exception n'est pas garanti. Spécifiez /EHsc
C:\Program Files\Microsoft Visual Studio\2022\Community\VC\Tools\MSVC\14.30.30705\include\xstring(4414,33): warning C4577: 'noexcept' utilisé sans mode de gestion d'exceptions spécifié. L'arrêt en cas d'exception n'est pas garanti. Spécifiez /EHsc
C:\Program Files\Microsoft Visual Studio\2022\Community\VC\Tools\MSVC\14.30.30705\include\xstring(4028,34): warning C4577: 'noexcept' utilisé sans mode de gestion d'exceptions spécifié. L'arrêt en cas d'exception n'est pas garanti. Spécifiez /EHsc
C:\Program Files\Microsoft Visual Studio\2022\Community\VC\Tools\MSVC\14.30.30705\include\xstring(2477,5): warning C4577: 'noexcept' utilisé sans mode de gestion d'exceptions spécifié. L'arrêt en cas d'exception n'est pas garanti. Spécifiez /EHsc
C:\Program Files\Microsoft Visual Studio\2022\Community\VC\Tools\MSVC\14.30.30705\include\xlocnum(231,1): warning C4577: 'noexcept' utilisé sans mode de gestion d'exceptions spécifié. L'arrêt en cas d'exception n'est pas garanti. Spécifiez /EHsc
C:\Program Files\Microsoft Visual Studio\2022\Community\VC\Tools\MSVC\14.30.30705\include\xlocnum(1594,1): warning C4577: 'noexcept' utilisé sans mode de gestion d'exceptions spécifié. L'arrêt en cas d'exception n'est pas garanti. Spécifiez /EHsc
C:\Program Files\Microsoft Visual Studio\2022\Community\VC\Tools\MSVC\14.30.30705\include\xlocale(411,1): warning C4577: 'noexcept' utilisé sans mode de gestion d'exceptions spécifié. L'arrêt en cas d'exception n'est pas garanti. Spécifiez /EHsc
C:\Program Files\Microsoft Visual Studio\2022\Community\VC\Tools\MSVC\14.30.30705\include\xlocale(774,1): warning C4577: 'noexcept' utilisé sans mode de gestion d'exceptions spécifié. L'arrêt en cas d'exception n'est pas garanti. Spécifiez /EHsc
C:\Program Files\Microsoft Visual Studio\2022\Community\VC\Tools\MSVC\14.30.30705\include\iterator(523,21): warning C4577: 'noexcept' utilisé sans mode de gestion d'exceptions spécifié. L'arrêt en cas d'exception n'est pas garanti. Spécifiez /EHsc
C:\Program Files\Microsoft Visual Studio\2022\Community\VC\Tools\MSVC\14.30.30705\include\iterator(499,5): warning C4577: 'noexcept' utilisé sans mode de gestion d'exceptions spécifié. L'arrêt en cas d'exception n'est pas garanti. Spécifiez /EHsc
C:\Program Files\Microsoft Visual Studio\2022\Community\VC\Tools\MSVC\14.30.30705\include\ostream(108,29): warning C4577: 'noexcept' utilisé sans mode de gestion d'exceptions spécifié. L'arrêt en cas d'exception n'est pas garanti. Spécifiez /EHsc
C:\Program Files\Microsoft Visual Studio\2022\Community\VC\Tools\MSVC\14.30.30705\include\xlocnum(220,10): warning C4577: 'noexcept' utilisé sans mode de gestion d'exceptions spécifié. L'arrêt en cas d'exception n'est pas garanti. Spécifiez /EHsc
C:\Program Files\Microsoft Visual Studio\2022\Community\VC\Tools\MSVC\14.30.30705\include\xlocinfo(213,29): warning C4577: 'noexcept' utilisé sans mode de gestion d'exceptions spécifié. L'arrêt en cas d'exception n'est pas garanti. Spécifiez /EHsc
C:\Program Files\Microsoft Visual Studio\2022\Community\VC\Tools\MSVC\14.30.30705\include\type_traits(2115,19): warning C4577: 'noexcept' utilisé sans mode de gestion d'exceptions spécifié. L'arrêt en cas d'exception n'est pas garanti. Spécifiez /EHsc
C:\Program Files\Microsoft Visual Studio\2022\Community\VC\Tools\MSVC\14.30.30705\include\atomic(881,10): warning C4577: 'noexcept' utilisé sans mode de gestion d'exceptions spécifié. L'arrêt en cas d'exception n'est pas garanti. Spécifiez /EHsc
C:\Program Files\Microsoft Visual Studio\2022\Community\VC\Tools\MSVC\14.30.30705\include\xstring(4665,25): warning C4577: 'noexcept' utilisé sans mode de gestion d'exceptions spécifié. L'arrêt en cas d'exception n'est pas garanti. Spécifiez /EHsc
C:\Program Files\Microsoft Visual Studio\2022\Community\VC\Tools\MSVC\14.30.30705\include\xstring(4631,23): warning C4577: 'noexcept' utilisé sans mode de gestion d'exceptions spécifié. L'arrêt en cas d'exception n'est pas garanti. Spécifiez /EHsc
C:\Program Files\Microsoft Visual Studio\2022\Community\VC\Tools\MSVC\14.30.30705\include\xstring(4609,23): warning C4577: 'noexcept' utilisé sans mode de gestion d'exceptions spécifié. L'arrêt en cas d'exception n'est pas garanti. Spécifiez /EHsc
C:\Program Files\Microsoft Visual Studio\2022\Community\VC\Tools\MSVC\14.30.30705\include\xstring(2360,23): warning C4577: 'noexcept' utilisé sans mode de gestion d'exceptions spécifié. L'arrêt en cas d'exception n'est pas garanti. Spécifiez /EHsc
C:\Program Files\Microsoft Visual Studio\2022\Community\VC\Tools\MSVC\14.30.30705\include\xstring(3949,39): warning C4577: 'noexcept' utilisé sans mode de gestion d'exceptions spécifié. L'arrêt en cas d'exception n'est pas garanti. Spécifiez /EHsc
C:\Program Files\Microsoft Visual Studio\2022\Community\VC\Tools\MSVC\14.30.30705\include\xstring(2884,23): warning C4577: 'noexcept' utilisé sans mode de gestion d'exceptions spécifié. L'arrêt en cas d'exception n'est pas garanti. Spécifiez /EHsc
C:\Program Files\Microsoft Visual Studio\2022\Community\VC\Tools\MSVC\14.30.30705\include\xstring(2869,32): warning C4577: 'noexcept' utilisé sans mode de gestion d'exceptions spécifié. L'arrêt en cas d'exception n'est pas garanti. Spécifiez /EHsc
C:\Program Files\Microsoft Visual Studio\2022\Community\VC\Tools\MSVC\14.30.30705\include\xstring(2316,36): warning C4577: 'noexcept' utilisé sans mode de gestion d'exceptions spécifié. L'arrêt en cas d'exception n'est pas garanti. Spécifiez /EHsc
C:\Program Files\Microsoft Visual Studio\2022\Community\VC\Tools\MSVC\14.30.30705\include\xstring(2307,30): warning C4577: 'noexcept' utilisé sans mode de gestion d'exceptions spécifié. L'arrêt en cas d'exception n'est pas garanti. Spécifiez /EHsc
C:\Program Files\Microsoft Visual Studio\2022\Community\VC\Tools\MSVC\14.30.30705\include\xstring(4669,31): warning C4577: 'noexcept' utilisé sans mode de gestion d'exceptions spécifié. L'arrêt en cas d'exception n'est pas garanti. Spécifiez /EHsc
C:\Program Files\Microsoft Visual Studio\2022\Community\VC\Tools\MSVC\14.30.30705\include\xstring(465,42): warning C4577: 'noexcept' utilisé sans mode de gestion d'exceptions spécifié. L'arrêt en cas d'exception n'est pas garanti. Spécifiez /EHsc
C:\Program Files\Microsoft Visual Studio\2022\Community\VC\Tools\MSVC\14.30.30705\include\xstring(457,38): warning C4577: 'noexcept' utilisé sans mode de gestion d'exceptions spécifié. L'arrêt en cas d'exception n'est pas garanti. Spécifiez /EHsc
C:\Program Files\Microsoft Visual Studio\2022\Community\VC\Tools\MSVC\14.30.30705\include\xstring(453,42): warning C4577: 'noexcept' utilisé sans mode de gestion d'exceptions spécifié. L'arrêt en cas d'exception n'est pas garanti. Spécifiez /EHsc
C:\Program Files\Microsoft Visual Studio\2022\Community\VC\Tools\MSVC\14.30.30705\include\xstring(449,39): warning C4577: 'noexcept' utilisé sans mode de gestion d'exceptions spécifié. L'arrêt en cas d'exception n'est pas garanti. Spécifiez /EHsc
C:\Program Files\Microsoft Visual Studio\2022\Community\VC\Tools\MSVC\14.30.30705\include\xstring(384,43): warning C4577: 'noexcept' utilisé sans mode de gestion d'exceptions spécifié. L'arrêt en cas d'exception n'est pas garanti. Spécifiez /EHsc
C:\Program Files\Microsoft Visual Studio\2022\Community\VC\Tools\MSVC\14.30.30705\include\xstring(47,32): warning C4577: 'noexcept' utilisé sans mode de gestion d'exceptions spécifié. L'arrêt en cas d'exception n'est pas garanti. Spécifiez /EHsc
C:\Program Files\Microsoft Visual Studio\2022\Community\VC\Tools\MSVC\14.30.30705\include\xstring(322,42): warning C4577: 'noexcept' utilisé sans mode de gestion d'exceptions spécifié. L'arrêt en cas d'exception n'est pas garanti. Spécifiez /EHsc
C:\Program Files\Microsoft Visual Studio\2022\Community\VC\Tools\MSVC\14.30.30705\include\xstring(314,38): warning C4577: 'noexcept' utilisé sans mode de gestion d'exceptions spécifié. L'arrêt en cas d'exception n'est pas garanti. Spécifiez /EHsc
C:\Program Files\Microsoft Visual Studio\2022\Community\VC\Tools\MSVC\14.30.30705\include\xstring(310,42): warning C4577: 'noexcept' utilisé sans mode de gestion d'exceptions spécifié. L'arrêt en cas d'exception n'est pas garanti. Spécifiez /EHsc
C:\Program Files\Microsoft Visual Studio\2022\Community\VC\Tools\MSVC\14.30.30705\include\xstring(306,39): warning C4577: 'noexcept' utilisé sans mode de gestion d'exceptions spécifié. L'arrêt en cas d'exception n'est pas garanti. Spécifiez /EHsc
C:\Program Files\Microsoft Visual Studio\2022\Community\VC\Tools\MSVC\14.30.30705\include\utility(41,6): warning C4577: 'noexcept' utilisé sans mode de gestion d'exceptions spécifié. L'arrêt en cas d'exception n'est pas garanti. Spécifiez /EHsc
C:\Program Files\Microsoft Visual Studio\2022\Community\VC\Tools\MSVC\14.30.30705\include\iterator(515,26): warning C4577: 'noexcept' utilisé sans mode de gestion d'exceptions spécifié. L'arrêt en cas d'exception n'est pas garanti. Spécifiez /EHsc
C:\Program Files\Microsoft Visual Studio\2022\Community\VC\Tools\MSVC\14.30.30705\include\iterator(511,37): warning C4577: 'noexcept' utilisé sans mode de gestion d'exceptions spécifié. L'arrêt en cas d'exception n'est pas garanti. Spécifiez /EHsc
C:\Program Files\Microsoft Visual Studio\2022\Community\VC\Tools\MSVC\14.30.30705\include\ostream(77,29): warning C4577: 'noexcept' utilisé sans mode de gestion d'exceptions spécifié. L'arrêt en cas d'exception n'est pas garanti. Spécifiez /EHsc
C:\Program Files\Microsoft Visual Studio\2022\Community\VC\Tools\MSVC\14.30.30705\include\xmemory(1373,21): warning C4577: 'noexcept' utilisé sans mode de gestion d'exceptions spécifié. L'arrêt en cas d'exception n'est pas garanti. Spécifiez /EHsc
C:\Program Files\Microsoft Visual Studio\2022\Community\VC\Tools\MSVC\14.30.30705\include\xstring(2325,23): warning C4577: 'noexcept' utilisé sans mode de gestion d'exceptions spécifié. L'arrêt en cas d'exception n'est pas garanti. Spécifiez /EHsc
C:\Program Files\Microsoft Visual Studio\2022\Community\VC\Tools\MSVC\14.30.30705\include\xstring(2875,10): warning C4577: 'noexcept' utilisé sans mode de gestion d'exceptions spécifié. L'arrêt en cas d'exception n'est pas garanti. Spécifiez /EHsc
C:\Program Files\Microsoft Visual Studio\2022\Community\VC\Tools\MSVC\14.30.30705\include\xstring(2860,32): warning C4577: 'noexcept' utilisé sans mode de gestion d'exceptions spécifié. L'arrêt en cas d'exception n'est pas garanti. Spécifiez /EHsc
C:\Program Files\Microsoft Visual Studio\2022\Community\VC\Tools\MSVC\14.30.30705\include\xmemory(1377,27): warning C4577: 'noexcept' utilisé sans mode de gestion d'exceptions spécifié. L'arrêt en cas d'exception n'est pas garanti. Spécifiez /EHsc
C:\Program Files\Microsoft Visual Studio\2022\Community\VC\Tools\MSVC\14.30.30705\include\xstring(3953,39): warning C4577: 'noexcept' utilisé sans mode de gestion d'exceptions spécifié. L'arrêt en cas d'exception n'est pas garanti. Spécifiez /EHsc
C:\Program Files\Microsoft Visual Studio\2022\Community\VC\Tools\MSVC\14.30.30705\include\xstring(3856,45): warning C4577: 'noexcept' utilisé sans mode de gestion d'exceptions spécifié. L'arrêt en cas d'exception n'est pas garanti. Spécifiez /EHsc
C:\Program Files\Microsoft Visual Studio\2022\Community\VC\Tools\MSVC\14.30.30705\include\xstring(437,30): warning C4577: 'noexcept' utilisé sans mode de gestion d'exceptions spécifié. L'arrêt en cas d'exception n'est pas garanti. Spécifiez /EHsc
C:\Program Files\Microsoft Visual Studio\2022\Community\VC\Tools\MSVC\14.30.30705\include\xstring(425,32): warning C4577: 'noexcept' utilisé sans mode de gestion d'exceptions spécifié. L'arrêt en cas d'exception n'est pas garanti. Spécifiez /EHsc
C:\Program Files\Microsoft Visual Studio\2022\Community\VC\Tools\MSVC\14.30.30705\include\xstring(78,32): warning C4577: 'noexcept' utilisé sans mode de gestion d'exceptions spécifié. L'arrêt en cas d'exception n'est pas garanti. Spécifiez /EHsc
C:\Program Files\Microsoft Visual Studio\2022\Community\VC\Tools\MSVC\14.30.30705\include\xstring(294,30): warning C4577: 'noexcept' utilisé sans mode de gestion d'exceptions spécifié. L'arrêt en cas d'exception n'est pas garanti. Spécifiez /EHsc
C:\Program Files\Microsoft Visual Studio\2022\Community\VC\Tools\MSVC\14.30.30705\include\xstring(282,32): warning C4577: 'noexcept' utilisé sans mode de gestion d'exceptions spécifié. L'arrêt en cas d'exception n'est pas garanti. Spécifiez /EHsc
C:\Program Files\Microsoft Visual Studio\2022\Community\VC\Tools\MSVC\14.30.30705\include\xstring(180,30): warning C4577: 'noexcept' utilisé sans mode de gestion d'exceptions spécifié. L'arrêt en cas d'exception n'est pas garanti. Spécifiez /EHsc
C:\Program Files\Microsoft Visual Studio\2022\Community\VC\Tools\MSVC\14.30.30705\include\xstring(2787,23): warning C4577: 'noexcept' utilisé sans mode de gestion d'exceptions spécifié. L'arrêt en cas d'exception n'est pas garanti. Spécifiez /EHsc
C:\Program Files\Microsoft Visual Studio\2022\Community\VC\Tools\MSVC\14.30.30705\include\xmemory(694,46): warning C4577: 'noexcept' utilisé sans mode de gestion d'exceptions spécifié. L'arrêt en cas d'exception n'est pas garanti. Spécifiez /EHsc
C:\Program Files\Microsoft Visual Studio\2022\Community\VC\Tools\MSVC\14.30.30705\include\xstring(255,43): warning C4577: 'noexcept' utilisé sans mode de gestion d'exceptions spécifié. L'arrêt en cas d'exception n'est pas garanti. Spécifiez /EHsc
C:\Program Files\Microsoft Visual Studio\2022\Community\VC\Tools\MSVC\14.30.30705\include\type_traits(2075,19): warning C4577: 'noexcept' utilisé sans mode de gestion d'exceptions spécifié. L'arrêt en cas d'exception n'est pas garanti. Spécifiez /EHsc
C:\Program Files\Microsoft Visual Studio\2022\Community\VC\Tools\MSVC\14.30.30705\include\system_error(627,23): warning C4577: 'noexcept' utilisé sans mode de gestion d'exceptions spécifié. L'arrêt en cas d'exception n'est pas garanti. Spécifiez /EHsc
C:\Program Files\Microsoft Visual Studio\2022\Community\VC\Tools\MSVC\14.30.30705\include\utility(64,6): warning C4577: 'noexcept' utilisé sans mode de gestion d'exceptions spécifié. L'arrêt en cas d'exception n'est pas garanti. Spécifiez /EHsc
C:\Program Files\Microsoft Visual Studio\2022\Community\VC\Tools\MSVC\14.30.30705\include\xstddef(252,27): warning C4577: 'noexcept' utilisé sans mode de gestion d'exceptions spécifié. L'arrêt en cas d'exception n'est pas garanti. Spécifiez /EHsc
C:\Program Files\Microsoft Visual Studio\2022\Community\VC\Tools\MSVC\14.30.30705\include\utility(98,19): warning C4577: 'noexcept' utilisé sans mode de gestion d'exceptions spécifié. L'arrêt en cas d'exception n'est pas garanti. Spécifiez /EHsc
C:\Program Files\Microsoft Visual Studio\2022\Community\VC\Tools\MSVC\14.30.30705\include\xutility(1833,27): warning C4577: 'noexcept' utilisé sans mode de gestion d'exceptions spécifié. L'arrêt en cas d'exception n'est pas garanti. Spécifiez /EHsc
C:\Program Files\Microsoft Visual Studio\2022\Community\VC\Tools\MSVC\14.30.30705\include\cmath(669,1): warning C4577: 'noexcept' utilisé sans mode de gestion d'exceptions spécifié. L'arrêt en cas d'exception n'est pas garanti. Spécifiez /EHsc
C:\Program Files\Microsoft Visual Studio\2022\Community\VC\Tools\MSVC\14.30.30705\include\type_traits(1350,48): warning C4577: 'noexcept' utilisé sans mode de gestion d'exceptions spécifié. L'arrêt en cas d'exception n'est pas garanti. Spécifiez /EHsc
C:\Program Files\Microsoft Visual Studio\2022\Community\VC\Tools\MSVC\14.30.30705\include\xatomic.h(92,32): warning C4577: 'noexcept' utilisé sans mode de gestion d'exceptions spécifié. L'arrêt en cas d'exception n'est pas garanti. Spécifiez /EHsc
C:\Program Files\Microsoft Visual Studio\2022\Community\VC\Tools\MSVC\14.30.30705\include\atomic(275,22): warning C4577: 'noexcept' utilisé sans mode de gestion d'exceptions spécifié. L'arrêt en cas d'exception n'est pas garanti. Spécifiez /EHsc
C:\Program Files\Microsoft Visual Studio\2022\Community\VC\Tools\MSVC\14.30.30705\include\xmemory(816,5): warning C4577: 'noexcept' utilisé sans mode de gestion d'exceptions spécifié. L'arrêt en cas d'exception n'est pas garanti. Spécifiez /EHsc
C:\Program Files\Microsoft Visual Studio\2022\Community\VC\Tools\MSVC\14.30.30705\include\xmemory(980,19): warning C4577: 'noexcept' utilisé sans mode de gestion d'exceptions spécifié. L'arrêt en cas d'exception n'est pas garanti. Spécifiez /EHsc
C:\Program Files\Microsoft Visual Studio\2022\Community\VC\Tools\MSVC\14.30.30705\include\xmemory(1364,5): warning C4577: 'noexcept' utilisé sans mode de gestion d'exceptions spécifié. L'arrêt en cas d'exception n'est pas garanti. Spécifiez /EHsc
C:\Program Files\Microsoft Visual Studio\2022\Community\VC\Tools\MSVC\14.30.30705\include\xmemory(1369,5): warning C4577: 'noexcept' utilisé sans mode de gestion d'exceptions spécifié. L'arrêt en cas d'exception n'est pas garanti. Spécifiez /EHsc
C:\Program Files\Microsoft Visual Studio\2022\Community\VC\Tools\MSVC\14.30.30705\include\xstring(571,15): warning C4577: 'noexcept' utilisé sans mode de gestion d'exceptions spécifié. L'arrêt en cas d'exception n'est pas garanti. Spécifiez /EHsc
C:\Program Files\Microsoft Visual Studio\2022\Community\VC\Tools\MSVC\14.30.30705\include\xstddef(265,27): warning C4577: 'noexcept' utilisé sans mode de gestion d'exceptions spécifié. L'arrêt en cas d'exception n'est pas garanti. Spécifiez /EHsc
C:\Program Files\Microsoft Visual Studio\2022\Community\VC\Tools\MSVC\14.30.30705\include\xutility(141,19): warning C4577: 'noexcept' utilisé sans mode de gestion d'exceptions spécifié. L'arrêt en cas d'exception n'est pas garanti. Spécifiez /EHsc
C:\Program Files\Microsoft Visual Studio\2022\Community\VC\Tools\MSVC\14.30.30705\include\xutility(1828,27): warning C4577: 'noexcept' utilisé sans mode de gestion d'exceptions spécifié. L'arrêt en cas d'exception n'est pas garanti. Spécifiez /EHsc
C:\Program Files\Microsoft Visual Studio\2022\Community\VC\Tools\MSVC\14.30.30705\include\xmemory(294,19): warning C4577: 'noexcept' utilisé sans mode de gestion d'exceptions spécifié. L'arrêt en cas d'exception n'est pas garanti. Spécifiez /EHsc
C:\Program Files\Microsoft Visual Studio\2022\Community\VC\Tools\MSVC\14.30.30705\include\xmemory(242,19): warning C4577: 'noexcept' utilisé sans mode de gestion d'exceptions spécifié. L'arrêt en cas d'exception n'est pas garanti. Spécifiez /EHsc
C:\Program Files\Microsoft Visual Studio\2022\Community\VC\Tools\MSVC\14.30.30705\include\xmemory(915,19): warning C4577: 'noexcept' utilisé sans mode de gestion d'exceptions spécifié. L'arrêt en cas d'exception n'est pas garanti. Spécifiez /EHsc
C:\Program Files\Microsoft Visual Studio\2022\Community\VC\Tools\MSVC\14.30.30705\include\fstream(1125,25): warning C4577: 'noexcept' utilisé sans mode de gestion d'exceptions spécifié. L'arrêt en cas d'exception n'est pas garanti. Spécifiez /EHsc
C:\Program Files\Microsoft Visual Studio\2022\Community\VC\Tools\MSVC\14.30.30705\include\fstream(178,25): warning C4577: 'noexcept' utilisé sans mode de gestion d'exceptions spécifié. L'arrêt en cas d'exception n'est pas garanti. Spécifiez /EHsc
C:\Program Files\Microsoft Visual Studio\2022\Community\VC\Tools\MSVC\14.30.30705\include\memory(3223,13): warning C4577: 'noexcept' utilisé sans mode de gestion d'exceptions spécifié. L'arrêt en cas d'exception n'est pas garanti. Spécifiez /EHsc
C:\Program Files\Microsoft Visual Studio\2022\Community\VC\Tools\MSVC\14.30.30705\include\memory(3193,6): warning C4577: 'noexcept' utilisé sans mode de gestion d'exceptions spécifié. L'arrêt en cas d'exception n'est pas garanti. Spécifiez /EHsc
C:\Program Files\Microsoft Visual Studio\2022\Community\VC\Tools\MSVC\14.30.30705\include\xstring(4516,39): warning C4577: 'noexcept' utilisé sans mode de gestion d'exceptions spécifié. L'arrêt en cas d'exception n'est pas garanti. Spécifiez /EHsc
C:\Program Files\Microsoft Visual Studio\2022\Community\VC\Tools\MSVC\14.30.30705\include\xstring(2296,5): warning C4577: 'noexcept' utilisé sans mode de gestion d'exceptions spécifié. L'arrêt en cas d'exception n'est pas garanti. Spécifiez /EHsc
C:\Program Files\Microsoft Visual Studio\2022\Community\VC\Tools\MSVC\14.30.30705\include\xmemory(812,5): warning C4577: 'noexcept' utilisé sans mode de gestion d'exceptions spécifié. L'arrêt en cas d'exception n'est pas garanti. Spécifiez /EHsc
C:\Program Files\Microsoft Visual Studio\2022\Community\VC\Tools\MSVC\14.30.30705\include\xstring(374,40): warning C4577: 'noexcept' utilisé sans mode de gestion d'exceptions spécifié. L'arrêt en cas d'exception n'est pas garanti. Spécifiez /EHsc
C:\Program Files\Microsoft Visual Studio\2022\Community\VC\Tools\MSVC\14.30.30705\include\fstream(797,1): warning C4577: 'noexcept' utilisé sans mode de gestion d'exceptions spécifié. L'arrêt en cas d'exception n'est pas garanti. Spécifiez /EHsc
C:\Program Files\Microsoft Visual Studio\2022\Community\VC\Tools\MSVC\14.30.30705\include\fstream(1164,1): warning C4577: 'noexcept' utilisé sans mode de gestion d'exceptions spécifié. L'arrêt en cas d'exception n'est pas garanti. Spécifiez /EHsc
C:\Program Files\Microsoft Visual Studio\2022\Community\VC\Tools\MSVC\14.30.30705\include\xmemory(1043,5): warning C4577: 'noexcept' utilisé sans mode de gestion d'exceptions spécifié. L'arrêt en cas d'exception n'est pas garanti. Spécifiez /EHsc
C:\Program Files\Microsoft Visual Studio\2022\Community\VC\Tools\MSVC\14.30.30705\include\memory(3085,10): warning C4577: 'noexcept' utilisé sans mode de gestion d'exceptions spécifié. L'arrêt en cas d'exception n'est pas garanti. Spécifiez /EHsc
C:\Program Files\Microsoft Visual Studio\2022\Community\VC\Tools\MSVC\14.30.30705\include\xstring(4502,46): warning C4577: 'noexcept' utilisé sans mode de gestion d'exceptions spécifié. L'arrêt en cas d'exception n'est pas garanti. Spécifiez /EHsc
C:\Program Files\Microsoft Visual Studio\2022\Community\VC\Tools\MSVC\14.30.30705\include\xstring(2358,9): warning C4577: 'noexcept' utilisé sans mode de gestion d'exceptions spécifié. L'arrêt en cas d'exception n'est pas garanti. Spécifiez /EHsc
C:\Program Files\Microsoft Visual Studio\2022\Community\VC\Tools\MSVC\14.30.30705\include\xstring(3935,50): warning C4577: 'noexcept' utilisé sans mode de gestion d'exceptions spécifié. L'arrêt en cas d'exception n'est pas garanti. Spécifiez /EHsc
C:\Program Files\Microsoft Visual Studio\2022\Community\VC\Tools\MSVC\14.30.30705\include\xstring(3899,39): warning C4577: 'noexcept' utilisé sans mode de gestion d'exceptions spécifié. L'arrêt en cas d'exception n'est pas garanti. Spécifiez /EHsc
C:\Program Files\Microsoft Visual Studio\2022\Community\VC\Tools\MSVC\14.30.30705\include\xstring(461,42): warning C4577: 'noexcept' utilisé sans mode de gestion d'exceptions spécifié. L'arrêt en cas d'exception n'est pas garanti. Spécifiez /EHsc
C:\Program Files\Microsoft Visual Studio\2022\Community\VC\Tools\MSVC\14.30.30705\include\xstring(3474,32): warning C4577: 'noexcept' utilisé sans mode de gestion d'exceptions spécifié. L'arrêt en cas d'exception n'est pas garanti. Spécifiez /EHsc
C:\Program Files\Microsoft Visual Studio\2022\Community\VC\Tools\MSVC\14.30.30705\include\xstring(2352,28): warning C4577: 'noexcept' utilisé sans mode de gestion d'exceptions spécifié. L'arrêt en cas d'exception n'est pas garanti. Spécifiez /EHsc
C:\Program Files\Microsoft Visual Studio\2022\Community\VC\Tools\MSVC\14.30.30705\include\type_traits(2068,19): warning C4577: 'noexcept' utilisé sans mode de gestion d'exceptions spécifié. L'arrêt en cas d'exception n'est pas garanti. Spécifiez /EHsc
C:\Program Files\Microsoft Visual Studio\2022\Community\VC\Tools\MSVC\14.30.30705\include\xutility(1200,16): warning C4577: 'noexcept' utilisé sans mode de gestion d'exceptions spécifié. L'arrêt en cas d'exception n'est pas garanti. Spécifiez /EHsc
C:\Program Files\Microsoft Visual Studio\2022\Community\VC\Tools\MSVC\14.30.30705\include\memory(3138,5): warning C4577: 'noexcept' utilisé sans mode de gestion d'exceptions spécifié. L'arrêt en cas d'exception n'est pas garanti. Spécifiez /EHsc
C:\Program Files\Microsoft Visual Studio\2022\Community\VC\Tools\MSVC\14.30.30705\include\xmemory(968,19): warning C4577: 'noexcept' utilisé sans mode de gestion d'exceptions spécifié. L'arrêt en cas d'exception n'est pas garanti. Spécifiez /EHsc
C:\Program Files\Microsoft Visual Studio\2022\Community\VC\Tools\MSVC\14.30.30705\include\type_traits(1338,28): warning C4577: 'noexcept' utilisé sans mode de gestion d'exceptions spécifié. L'arrêt en cas d'exception n'est pas garanti. Spécifiez /EHsc
C:\Program Files\Microsoft Visual Studio\2022\Community\VC\Tools\MSVC\14.30.30705\include\xutility(123,28): warning C4577: 'noexcept' utilisé sans mode de gestion d'exceptions spécifié. L'arrêt en cas d'exception n'est pas garanti. Spécifiez /EHsc
C:\Program Files\Microsoft Visual Studio\2022\Community\VC\Tools\MSVC\14.30.30705\include\utility(604,18): warning C4577: 'noexcept' utilisé sans mode de gestion d'exceptions spécifié. L'arrêt en cas d'exception n'est pas garanti. Spécifiez /EHsc
C:\Program Files\Microsoft Visual Studio\2022\Community\VC\Tools\MSVC\14.30.30705\include\xutility(3906,27): warning C4577: 'noexcept' utilisé sans mode de gestion d'exceptions spécifié. L'arrêt en cas d'exception n'est pas garanti. Spécifiez /EHsc
C:\Program Files\Microsoft Visual Studio\2022\Community\VC\Tools\MSVC\14.30.30705\include\xutility(256,5): warning C4577: 'noexcept' utilisé sans mode de gestion d'exceptions spécifié. L'arrêt en cas d'exception n'est pas garanti. Spécifiez /EHsc
C:\Program Files\Microsoft Visual Studio\2022\Community\VC\Tools\MSVC\14.30.30705\include\__msvc_system_error_abi.hpp(30,45): warning C4577: 'noexcept' utilisé sans mode de gestion d'exceptions spécifié. L'arrêt en cas d'exception n'est pas garanti. Spécifiez /EHsc
C:\Program Files\Microsoft Visual Studio\2022\Community\VC\Tools\MSVC\14.30.30705\include\exception(203,44): warning C4577: 'noexcept' utilisé sans mode de gestion d'exceptions spécifié. L'arrêt en cas d'exception n'est pas garanti. Spécifiez /EHsc
C:\Program Files\Microsoft Visual Studio\2022\Community\VC\Tools\MSVC\14.30.30705\include\exception(200,44): warning C4577: 'noexcept' utilisé sans mode de gestion d'exceptions spécifié. L'arrêt en cas d'exception n'est pas garanti. Spécifiez /EHsc
C:\Program Files\Microsoft Visual Studio\2022\Community\VC\Tools\MSVC\14.30.30705\include\exception(197,44): warning C4577: 'noexcept' utilisé sans mode de gestion d'exceptions spécifié. L'arrêt en cas d'exception n'est pas garanti. Spécifiez /EHsc
C:\Program Files\Microsoft Visual Studio\2022\Community\VC\Tools\MSVC\14.30.30705\include\eh.h(43,45): warning C4577: 'noexcept' utilisé sans mode de gestion d'exceptions spécifié. L'arrêt en cas d'exception n'est pas garanti. Spécifiez /EHsc
C:\Program Files\Microsoft Visual Studio\2022\Community\VC\Tools\MSVC\14.30.30705\include\exception(201,44): warning C4577: 'noexcept' utilisé sans mode de gestion d'exceptions spécifié. L'arrêt en cas d'exception n'est pas garanti. Spécifiez /EHsc
C:\Program Files\Microsoft Visual Studio\2022\Community\VC\Tools\MSVC\14.30.30705\include\exception(202,44): warning C4577: 'noexcept' utilisé sans mode de gestion d'exceptions spécifié. L'arrêt en cas d'exception n'est pas garanti. Spécifiez /EHsc
C:\Program Files\Microsoft Visual Studio\2022\Community\VC\Tools\MSVC\14.30.30705\include\memory(1057,18): warning C4577: 'noexcept' utilisé sans mode de gestion d'exceptions spécifié. L'arrêt en cas d'exception n'est pas garanti. Spécifiez /EHsc
C:\Program Files\Microsoft Visual Studio\2022\Community\VC\Tools\MSVC\14.30.30705\include\memory(1058,18): warning C4577: 'noexcept' utilisé sans mode de gestion d'exceptions spécifié. L'arrêt en cas d'exception n'est pas garanti. Spécifiez /EHsc
C:\Program Files\Microsoft Visual Studio\2022\Community\VC\Tools\MSVC\14.30.30705\include\exception(24,80): warning C4577: 'noexcept' utilisé sans mode de gestion d'exceptions spécifié. L'arrêt en cas d'exception n'est pas garanti. Spécifiez /EHsc
C:\Program Files\Microsoft Visual Studio\2022\Community\VC\Tools\MSVC\14.30.30705\include\yvals.h(368,25): warning C4577: 'noexcept' utilisé sans mode de gestion d'exceptions spécifié. L'arrêt en cas d'exception n'est pas garanti. Spécifiez /EHsc
C:\Program Files\Microsoft Visual Studio\2022\Community\VC\Tools\MSVC\14.30.30705\include\yvals.h(369,17): warning C4577: 'noexcept' utilisé sans mode de gestion d'exceptions spécifié. L'arrêt en cas d'exception n'est pas garanti. Spécifiez /EHsc
C:\Program Files\Microsoft Visual Studio\2022\Community\VC\Tools\MSVC\14.30.30705\include\exception(198,44): warning C4577: 'noexcept' utilisé sans mode de gestion d'exceptions spécifié. L'arrêt en cas d'exception n'est pas garanti. Spécifiez /EHsc
C:\Program Files\Microsoft Visual Studio\2022\Community\VC\Tools\MSVC\14.30.30705\include\exception(205,44): warning C4577: 'noexcept' utilisé sans mode de gestion d'exceptions spécifié. L'arrêt en cas d'exception n'est pas garanti. Spécifiez /EHsc
C:\Program Files\Microsoft Visual Studio\2022\Community\VC\Tools\MSVC\14.30.30705\include\__msvc_system_error_abi.hpp(32,32): warning C4577: 'noexcept' utilisé sans mode de gestion d'exceptions spécifié. L'arrêt en cas d'exception n'est pas garanti. Spécifiez /EHsc
C:\Program Files\Microsoft Visual Studio\2022\Community\VC\Tools\MSVC\14.30.30705\include\exception(196,44): warning C4577: 'noexcept' utilisé sans mode de gestion d'exceptions spécifié. L'arrêt en cas d'exception n'est pas garanti. Spécifiez /EHsc
C:\Program Files\Microsoft Visual Studio\2022\Community\VC\Tools\MSVC\14.30.30705\include\exception(199,44): warning C4577: 'noexcept' utilisé sans mode de gestion d'exceptions spécifié. L'arrêt en cas d'exception n'est pas garanti. Spécifiez /EHsc
C:\Users\lhost\OneDrive\Bureau\2122_4imi_cpp_classes_genericite-toux_l-host\exercice_2\src\main.cpp(48): warning C5045: Le compilateur va insérer l'atténuation Spectre pour la charge de mémoire si le commutateur /Qspectre est spécifié
  C:\Users\lhost\OneDrive\Bureau\2122_4imi_cpp_classes_genericite-toux_l-host\exercice_2\src\main.cpp(35) : remarque : plage 'k' de l'index vérifiée par comparaison sur cette ligne
  C:\Users\lhost\OneDrive\Bureau\2122_4imi_cpp_classes_genericite-toux_l-host\exercice_2\src\main.cpp(48) : remarque : alimente l'appel sur cette ligne
C:\Users\lhost\OneDrive\Bureau\2122_4imi_cpp_classes_genericite-toux_l-host\exercice_2\src\export_matlab.hpp(44): warning C5045: Le compilateur va insérer l'atténuation Spectre pour la charge de mémoire si le commutateur /Qspectre est spécifié
  C:\Users\lhost\OneDrive\Bureau\2122_4imi_cpp_classes_genericite-toux_l-host\exercice_2\src\export_matlab.hpp(39) : remarque : plage 'k' de l'index vérifiée par comparaison sur cette ligne
  C:\Users\lhost\OneDrive\Bureau\2122_4imi_cpp_classes_genericite-toux_l-host\exercice_2\src\export_matlab.hpp(44) : remarque : alimente l'appel sur cette ligne
  main.vcxproj -> C:\Users\lhost\OneDrive\Bureau\2122_4imi_cpp_classes_genericite-toux_l-host\exercice_2\build\Debug\main.exe
